<?xml version="1.0" encoding="UTF-8" standalone="no"?>
<VAST version="2.0" xmlns:xsi="http://www.w3.org/2001/XMLSchema-instance" xsi:noNamespaceSchemaLocation="vast.xsd">
    <Ad id="0">
        <InLine>
            <AdSystem version="2.0">VENDRI</AdSystem>
            <AdTitle>Test Ad Many Bitrates</AdTitle>
            <Description>Many bitrates or same quality in mediafiles.</Description>
            <Creatives>
                <Creative sequence="1" AdID="">
                    <Linear>
                        <Duration>00:00:06</Duration>
                        <TrackingEvents>
                            <Tracking event="start"><![CDATA[//s3-us-west-1.amazonaws.com/vilostest/resources/1x1.jpg?type=start_linear]]></Tracking>
                            <Tracking event="midpoint"><![CDATA[//s3-us-west-1.amazonaws.com/vilostest/resources/1x1.jpg?type=midpoint_linear]]></Tracking>
                            <Tracking event="firstQuartile"><![CDATA[//s3-us-west-1.amazonaws.com/vilostest/resources/1x1.jpg?type=firstQuartile_linear]]></Tracking>
                            <Tracking event="thirdQuartile"><![CDATA[//s3-us-west-1.amazonaws.com/vilostest/resources/1x1.jpg?type=thirdQuartile_linear]]></Tracking>
                            <Tracking event="complete"><![CDATA[//s3-us-west-1.amazonaws.com/vilostest/resources/1x1.jpg?type=complete_linear]]></Tracking>
                        </TrackingEvents>
                        <VideoClicks>
                            <ClickThrough><![CDATA[//s3-us-west-1.amazonaws.com/vilostest/resources/1x1.jpg?type=clickthrough_linear]]></ClickThrough>
                        </VideoClicks>
                        <MediaFiles>
                            <MediaFile id="4" delivery="progressive" type="video/mp4" bitrate="26000" width="1920" height="1080">
                                <![CDATA[//s3-us-west-1.amazonaws.com/vilostest/resources/test-ad-1080p.mp4]]>
                            </MediaFile>
                            <MediaFile id="4" delivery="progressive" type="video/mp4" bitrate="71000" width="1920" height="1080">
                                <![CDATA[//s3-us-west-1.amazonaws.com/vilostest/resources/test-ad-1080p1.mp4]]>
                            </MediaFile>
                            <MediaFile id="4" delivery="progressive" type="video/mp4" bitrate="133000" width="1920" height="1080">
                                <![CDATA[//s3-us-west-1.amazonaws.com/vilostest/resources/test-ad-1080p2.mp4]]>
                            </MediaFile>
                            <MediaFile id="4" delivery="progressive" type="video/mp4" bitrate="17000" width="1920" height="1080">
                                <![CDATA[//s3-us-west-1.amazonaws.com/vilostest/resources/test-ad-1080p3.mp4]]>
                            </MediaFile>
                            <MediaFile id="4" delivery="progressive" type="video/mp4" bitrate="11000" width="1920" height="1080">
                                <![CDATA[//s3-us-west-1.amazonaws.com/vilostest/resources/test-ad-1080p4.mp4]]>
                            </MediaFile>
                        </MediaFiles>
                    </Linear>
                </Creative>
            </Creatives>
        </InLine>
    </Ad>
</VAST>
